===============
     DEBUG     
===============

seed: 1478686682
save path: (null)
load path: (null)

Color of object | is 5
Color of object | is 1
Color of object [ is 5
Color of object \ is 5
Color of object ] is 7
Color of object ) is 3
Color of object ( is 6
Color of object = is 3
Color of object _ is 7
Color of object _ is 7
Color of object } is 1
Color of object } is 6
Color of object } is 2
generating monsters from factories...

place NPC p
place NPC C
place NPC s
place NPC p
place NPC C
place NPC M
place NPC p
place NPC s
place NPC p
place NPC z

monsters generated.

generating objects from factories...


ojbects generated.

